Step: build-step-credential-initializer-pxpsd:

{"level":"warn","ts":1565209973.5732408,"logger":"fallback-logger","caller":"logging/config.go:65","msg":"Fetch GitHub commit ID from kodata failed: \"ref: refs/heads/master\" is not a valid GitHub commit ID"}
{"level":"info","ts":1565209973.5739841,"logger":"fallback-logger","caller":"creds-init/main.go:40","msg":"Credentials initialized."}
Step: build-step-working-dir-initializer-ccgsp:

{"level":"warn","ts":1565209974.8729305,"logger":"fallback-logger","caller":"logging/config.go:65","msg":"Fetch GitHub commit ID from kodata failed: open /var/run/ko/HEAD: no such file or directory"}
{"level":"info","ts":1565209974.8744497,"logger":"fallback-logger","caller":"bash/main.go:65","msg":"Successfully executed command \"mkdir -p /workspace/source\""}
Step: build-step-place-tools:

Step: build-step-git-source-jenkins-x-charts-**-build-templ-jtqdj:

{"level":"warn","ts":1565209977.323987,"logger":"fallback-logger","caller":"logging/config.go:65","msg":"Fetch GitHub commit ID from kodata failed: \"ref: refs/heads/master\" is not a valid GitHub commit ID"}
{"level":"info","ts":1565209978.967913,"logger":"fallback-logger","caller":"git/git.go:102","msg":"Successfully cloned https://github.com/jenkins-x-charts/**-build-templates @ 924de4f21121cd06c168f27d082b23b6a24cc9e0 in path /workspace/source"}
Step: build-step-git-merge:

Warning failed to load version: failed to parse version -dev+9e73adc0b: No Major.Minor.Patch elements found
time="2019-08-07T20:32:59Z" level=info msg="got "
Using SHAs from PULL_REFS=master:7374b8e33796a54efe0982aec6cf10a0f9af7177,896:924de4f21121cd06c168f27d082b23b6a24cc9e0
ran git fetch --unshallow origin 924de4f21121cd06c168f27d082b23b6a24cc9e0: 7374b8e33796a54efe0982aec6cf10a0f9af7177: in 
ran git checkout master in 
ran git reset --hard 7374b8e33796a54efe0982aec6cf10a0f9af7177 in 
ran clean --force -d . in 
ran git merge 924de4f21121cd06c168f27d082b23b6a24cc9e0 in 
Step: build-step-build-build:

cat: /builder/home/basic-auth-user.json: No such file or directory
cat: /builder/home/basic-auth-pass.json: No such file or directory
rm -rf **-build-templates/charts
rm -rf **-build-templates/**-build-templates*.tgz
rm -rf **-build-templates/requirements.lock
helm init --client-only
Creating /builder/home/.helm 
Creating /builder/home/.helm/repository 
Creating /builder/home/.helm/repository/cache 
Creating /builder/home/.helm/repository/local 
Creating /builder/home/.helm/plugins 
Creating /builder/home/.helm/starters 
Creating /builder/home/.helm/cache/archive 
Creating /builder/home/.helm/repository/repositories.yaml 
Adding stable repo with URL: https://kubernetes-charts.storage.googleapis.com 
Adding local repo with URL: http://127.0.0.1:8879/charts 
$HELM_HOME has been configured at /builder/home/.helm.
Not installing Tiller due to 'client-only' flag having been set
helm repo add jenkinsxio https://storage.googleapis.com/chartmuseum.jenkins-x.io
"jenkinsxio" has been added to your repositories
helm dependency build **-build-templates
No requirements found in **-build-templates/charts.
helm lint **-build-templates
==> Linting **-build-templates
Lint OK

1 chart(s) linted, no failures
./**/scripts/test.sh
gcr.io/jenkinsxio/builder-**:0.1.637
gcr.io/jenkinsxio/builder-**:0.1.637
gcr.io/jenkinsxio/jenkins-**:256.0.422
gcr.io/jenkinsxio/jenkins-csharp:256.0.422
gcr.io/jenkinsxio/jenkins-cwp:256.0.422
gcr.io/jenkinsxio/jenkins-elixir:256.0.422
gcr.io/jenkinsxio/jenkins-go:256.0.422
gcr.io/jenkinsxio/jenkins-go:256.0.422
gcr.io/jenkinsxio/jenkins-go:256.0.422
gcr.io/jenkinsxio/jenkins-go:256.0.422
gcr.io/jenkinsxio/jenkins-go:256.0.422
gcr.io/jenkinsxio/jenkins-gradle:256.0.422
gcr.io/jenkinsxio/jenkins-javascript:256.0.422
gcr.io/jenkinsxio/jenkins-jenkins:256.0.422
gcr.io/jenkinsxio/jenkins-maven:256.0.422
gcr.io/jenkinsxio/jenkins-python:256.0.422
gcr.io/jenkinsxio/jenkins-ruby:256.0.422
gcr.io/jenkinsxio/jenkins-rust:256.0.422
gcr.io/jenkinsxio/jenkins-scala:256.0.422
gcr.io/jenkinsxio/jenkins-**:256.0.422
gcr.io/jenkinsxio/builder-**:0.1.637
gcr.io/jenkinsxio/builder-**:0.1.637
gcr.io/jenkinsxio/builder-**:0.1.637
gcr.io/jenkinsxio/builder-**:0.1.637
gcr.io/jenkinsxio/builder-**:0.1.637
gcr.io/jenkinsxio/builder-**:0.1.637
gcr.io/jenkinsxio/jenkins-maven:256.0.422
gcr.io/jenkinsxio/jenkins-maven:256.0.422
