Step: build-step-credential-initializer-7w2cq:

{"level":"warn","ts":1565210339.7108722,"logger":"fallback-logger","caller":"logging/config.go:65","msg":"Fetch GitHub commit ID from kodata failed: \"ref: refs/heads/master\" is not a valid GitHub commit ID"}
{"level":"info","ts":1565210339.7113352,"logger":"fallback-logger","caller":"creds-init/main.go:40","msg":"Credentials initialized."}
Step: build-step-working-dir-initializer-tvxlz:

{"level":"warn","ts":1565210340.9169738,"logger":"fallback-logger","caller":"logging/config.go:65","msg":"Fetch GitHub commit ID from kodata failed: open /var/run/ko/HEAD: no such file or directory"}
{"level":"info","ts":1565210340.9186764,"logger":"fallback-logger","caller":"bash/main.go:65","msg":"Successfully executed command \"mkdir -p /workspace/source\""}
Step: build-step-place-tools:

Step: build-step-git-source-jenkins-x-charts-**-build-templ-vtfx6:

{"level":"warn","ts":1565210343.1071918,"logger":"fallback-logger","caller":"logging/config.go:65","msg":"Fetch GitHub commit ID from kodata failed: \"ref: refs/heads/master\" is not a valid GitHub commit ID"}
{"level":"info","ts":1565210345.8891616,"logger":"fallback-logger","caller":"git/git.go:102","msg":"Successfully cloned https://github.com/jenkins-x-charts/**-build-templates @ v0.0.871 in path /workspace/source"}
Step: build-step-git-merge:

Warning failed to load version: failed to parse version -dev+9e73adc0b: No Major.Minor.Patch elements found
time="2019-08-07T20:39:06Z" level=info msg="got "
Using SHAs from PULL_REFS=master:24059fe3f2c2193794a6c50222d036e70d093486
time="2019-08-07T20:39:06Z" level=warning msg="no SHAs to merge, falling back to initial cloned commit"
Step: build-step-setup-**-git-credentials:

Generated Git credentials file /builder/home/git/credentials
Step: build-step-build-basic-auth-username:

/builder/home/basic-auth-user.json
Step: build-step-build-basic-auth-password:

/builder/home/basic-auth-pass.json
Step: build-step-build-release:

rm -rf **-build-templates/charts
rm -rf **-build-templates/**-build-templates*.tgz
rm -rf **-build-templates/requirements.lock
helm init --client-only
Creating /builder/home/.helm 
Creating /builder/home/.helm/repository 
Creating /builder/home/.helm/repository/cache 
Creating /builder/home/.helm/repository/local 
Creating /builder/home/.helm/plugins 
Creating /builder/home/.helm/starters 
Creating /builder/home/.helm/cache/archive 
Creating /builder/home/.helm/repository/repositories.yaml 
Adding stable repo with URL: https://kubernetes-charts.storage.googleapis.com 
Adding local repo with URL: http://127.0.0.1:8879/charts 
$HELM_HOME has been configured at /builder/home/.helm.
Not installing Tiller due to 'client-only' flag having been set
helm repo add jenkinsxio https://storage.googleapis.com/chartmuseum.jenkins-x.io
"jenkinsxio" has been added to your repositories
helm dependency build **-build-templates
No requirements found in **-build-templates/charts.
helm lint **-build-templates
==> Linting **-build-templates
Lint OK

1 chart(s) linted, no failures
./**/scripts/test.sh
gcr.io/jenkinsxio/builder-**:0.1.637
gcr.io/jenkinsxio/builder-**:0.1.637
gcr.io/jenkinsxio/jenkins-**:256.0.422
gcr.io/jenkinsxio/jenkins-csharp:256.0.422
gcr.io/jenkinsxio/jenkins-cwp:256.0.422
gcr.io/jenkinsxio/jenkins-elixir:256.0.422
gcr.io/jenkinsxio/jenkins-go:256.0.422
gcr.io/jenkinsxio/jenkins-go:256.0.422
gcr.io/jenkinsxio/jenkins-go:256.0.422
gcr.io/jenkinsxio/jenkins-go:256.0.422
gcr.io/jenkinsxio/jenkins-go:256.0.422
gcr.io/jenkinsxio/jenkins-gradle:256.0.422
gcr.io/jenkinsxio/jenkins-javascript:256.0.422
gcr.io/jenkinsxio/jenkins-jenkins:256.0.422
gcr.io/jenkinsxio/jenkins-maven:256.0.422
gcr.io/jenkinsxio/jenkins-python:256.0.422
gcr.io/jenkinsxio/jenkins-ruby:256.0.422
gcr.io/jenkinsxio/jenkins-rust:256.0.422
gcr.io/jenkinsxio/jenkins-scala:256.0.422
gcr.io/jenkinsxio/jenkins-**:256.0.422
gcr.io/jenkinsxio/builder-**:0.1.637
gcr.io/jenkinsxio/builder-**:0.1.637
gcr.io/jenkinsxio/builder-**:0.1.637
gcr.io/jenkinsxio/builder-**:0.1.637
gcr.io/jenkinsxio/builder-**:0.1.637
gcr.io/jenkinsxio/builder-**:0.1.637
gcr.io/jenkinsxio/jenkins-maven:256.0.422
gcr.io/jenkinsxio/jenkins-maven:256.0.422
sed -i -e "s/version:.*/version: 0.0.871/" **-build-templates/Chart.yaml
helm package **-build-templates
Successfully packaged chart and saved it to: /workspace/source/**-build-templates-0.0.871.tgz
curl --fail -u *****:************ --data-binary "@**-build-templates-0.0.871.tgz" http://jenkins-x-chartmuseum:8080/api/charts
  % Total    % Received % Xferd  Average Speed   Time    Time     Time  Current
                                 Dload  Upload   Total   Spent    Left  Speed
  0     0    0     0    0     0      0      0 --:--:-- --:--:-- --:--:--     0100  3263  100    14  100  3249     48  11181 --:--:-- --:--:-- --:--:-- 11203
{"saved":true}rm -rf **-build-templates*.tgz
