Step: build-step-credential-initializer-t5sh8:

{"level":"warn","ts":1565287198.0747833,"logger":"fallback-logger","caller":"logging/config.go:65","msg":"Fetch GitHub commit ID from kodata failed: \"ref: refs/heads/master\" is not a valid GitHub commit ID"}
{"level":"info","ts":1565287198.0753326,"logger":"fallback-logger","caller":"creds-init/main.go:40","msg":"Credentials initialized."}
Step: build-step-working-dir-initializer-8cw9s:

{"level":"warn","ts":1565287199.3887389,"logger":"fallback-logger","caller":"logging/config.go:65","msg":"Fetch GitHub commit ID from kodata failed: open /var/run/ko/HEAD: no such file or directory"}
{"level":"info","ts":1565287199.3917785,"logger":"fallback-logger","caller":"bash/main.go:65","msg":"Successfully executed command \"mkdir -p /workspace/source\""}
Step: build-step-place-tools:

Step: build-step-git-source-jenkins-x-charts-**-build-templ-fk45j:

{"level":"warn","ts":1565287201.6215494,"logger":"fallback-logger","caller":"logging/config.go:65","msg":"Fetch GitHub commit ID from kodata failed: \"ref: refs/heads/master\" is not a valid GitHub commit ID"}
{"level":"info","ts":1565287208.2150052,"logger":"fallback-logger","caller":"git/git.go:102","msg":"Successfully cloned https://github.com/jenkins-x-charts/**-build-templates @ v0.0.874 in path /workspace/source"}
Step: build-step-git-merge:

Warning failed to load version: failed to parse version -dev+9e73adc0b: No Major.Minor.Patch elements found
time="2019-08-08T18:00:09Z" level=info msg="got "
Using SHAs from PULL_REFS=master:dc018a49e64ad3a1bbf9a4db1f5576a35c9b72e5
time="2019-08-08T18:00:09Z" level=warning msg="no SHAs to merge, falling back to initial cloned commit"
Step: build-step-setup-**-git-credentials:

Generated Git credentials file /builder/home/git/credentials
Step: build-step-build-basic-auth-username:

/builder/home/basic-auth-user.json
Step: build-step-build-basic-auth-password:

/builder/home/basic-auth-pass.json
Step: build-step-build-release:

rm -rf **-build-templates/charts
rm -rf **-build-templates/**-build-templates*.tgz
rm -rf **-build-templates/requirements.lock
helm init --client-only
Creating /builder/home/.helm 
Creating /builder/home/.helm/repository 
Creating /builder/home/.helm/repository/cache 
Creating /builder/home/.helm/repository/local 
Creating /builder/home/.helm/plugins 
Creating /builder/home/.helm/starters 
Creating /builder/home/.helm/cache/archive 
Creating /builder/home/.helm/repository/repositories.yaml 
Adding stable repo with URL: https://kubernetes-charts.storage.googleapis.com 
Adding local repo with URL: http://127.0.0.1:8879/charts 
$HELM_HOME has been configured at /builder/home/.helm.
Not installing Tiller due to 'client-only' flag having been set
helm repo add jenkinsxio https://storage.googleapis.com/chartmuseum.jenkins-x.io
"jenkinsxio" has been added to your repositories
helm dependency build **-build-templates
No requirements found in **-build-templates/charts.
helm lint **-build-templates
==> Linting **-build-templates
Lint OK

1 chart(s) linted, no failures
./**/scripts/test.sh
gcr.io/jenkinsxio/builder-**:0.1.640
gcr.io/jenkinsxio/builder-**:0.1.640
gcr.io/jenkinsxio/jenkins-**:256.0.422
gcr.io/jenkinsxio/jenkins-csharp:256.0.422
gcr.io/jenkinsxio/jenkins-cwp:256.0.422
gcr.io/jenkinsxio/jenkins-elixir:256.0.422
gcr.io/jenkinsxio/jenkins-go:256.0.422
gcr.io/jenkinsxio/jenkins-go:256.0.422
gcr.io/jenkinsxio/jenkins-go:256.0.422
gcr.io/jenkinsxio/jenkins-go:256.0.422
gcr.io/jenkinsxio/jenkins-go:256.0.422
gcr.io/jenkinsxio/jenkins-gradle:256.0.422
gcr.io/jenkinsxio/jenkins-javascript:256.0.422
gcr.io/jenkinsxio/jenkins-jenkins:256.0.422
gcr.io/jenkinsxio/jenkins-maven:256.0.422
gcr.io/jenkinsxio/jenkins-python:256.0.422
gcr.io/jenkinsxio/jenkins-ruby:256.0.422
gcr.io/jenkinsxio/jenkins-rust:256.0.422
gcr.io/jenkinsxio/jenkins-scala:256.0.422
gcr.io/jenkinsxio/jenkins-**:256.0.422
gcr.io/jenkinsxio/builder-**:0.1.640
gcr.io/jenkinsxio/builder-**:0.1.640
gcr.io/jenkinsxio/builder-**:0.1.640
gcr.io/jenkinsxio/builder-**:0.1.640
gcr.io/jenkinsxio/builder-**:0.1.640
gcr.io/jenkinsxio/builder-**:0.1.640
gcr.io/jenkinsxio/jenkins-maven:256.0.422
gcr.io/jenkinsxio/jenkins-maven:256.0.422
sed -i -e "s/version:.*/version: 0.0.874/" **-build-templates/Chart.yaml
helm package **-build-templates
Successfully packaged chart and saved it to: /workspace/source/**-build-templates-0.0.874.tgz
curl --fail -u *****:************ --data-binary "@**-build-templates-0.0.874.tgz" http://jenkins-x-chartmuseum:8080/api/charts
  % Total    % Received % Xferd  Average Speed   Time    Time     Time  Current
                                 Dload  Upload   Total   Spent    Left  Speed
  0     0    0     0    0     0      0      0 --:--:-- --:--:-- --:--:--     0100  3261  100    14  100  3247     45  10440 --:--:-- --:--:-- --:--:-- 10474
{"saved":true}rm -rf **-build-templates*.tgz
